# JRE version: OpenJDK Runtime Environment (8.0_242-b01) (build 1.8.0_242-release-1644-b01)
# Java VM: OpenJDK 64-Bit Server VM (25.242-b01 mixed mode windows-amd64 compressed oops)
Heap:
 PSYoungGen      total 93184K, used 39389K [0x00000000d5580000, 0x00000000dc080000, 0x0000000100000000)
  eden space 83968K, 36% used [0x00000000d5580000,0x00000000d732ff40,0x00000000da780000)
  from space 9216K, 97% used [0x00000000da980000,0x00000000db2478b8,0x00000000db280000)
  to   space 12800K, 0% used [0x00000000db400000,0x00000000db400000,0x00000000dc080000)
 ParOldGen       total 98816K, used 57611K [0x0000000080000000, 0x0000000086080000, 0x00000000d5580000)
  object space 98816K, 58% used [0x0000000080000000,0x0000000083842ed0,0x0000000086080000)
 Metaspace       used 85350K, capacity 89468K, committed 89752K, reserved 1126400K
  class space    used 11297K, capacity 12132K, committed 12208K, reserved 1048576K
GC Heap History (10 events):
Event: 26.162 GC heap before
{Heap before GC invocations=28 (full 3):
 PSYoungGen      total 77824K, used 69094K [0x00000000d5580000, 0x00000000daf00000, 0x0000000100000000)
  eden space 65024K, 100% used [0x00000000d5580000,0x00000000d9500000,0x00000000d9500000)
  from space 12800K, 31% used [0x00000000da280000,0x00000000da679b58,0x00000000daf00000)
  to   space 13312K, 0% used [0x00000000d9500000,0x00000000d9500000,0x00000000da200000)
 ParOldGen       total 98816K, used 36728K [0x0000000080000000, 0x0000000086080000, 0x00000000d5580000)
  object space 98816K, 37% used [0x0000000080000000,0x00000000823de130,0x0000000086080000)
 Metaspace       used 69819K, capacity 72424K, committed 72600K, reserved 1112064K
  class space    used 9510K, capacity 10041K, committed 10160K, reserved 1048576K
Event: 26.168 GC heap after
Heap after GC invocations=28 (full 3):
 PSYoungGen      total 78336K, used 6515K [0x00000000d5580000, 0x00000000db880000, 0x0000000100000000)
  eden space 65024K, 0% used [0x00000000d5580000,0x00000000d5580000,0x00000000d9500000)
  from space 13312K, 48% used [0x00000000d9500000,0x00000000d9b5cde8,0x00000000da200000)
  to   space 12800K, 0% used [0x00000000dac00000,0x00000000dac00000,0x00000000db880000)
 ParOldGen       total 98816K, used 39596K [0x0000000080000000, 0x0000000086080000, 0x00000000d5580000)
  object space 98816K, 40% used [0x0000000080000000,0x00000000826ab1e8,0x0000000086080000)
 Metaspace       used 69819K, capacity 72424K, committed 72600K, reserved 1112064K
  class space    used 9510K, capacity 10041K, committed 10160K, reserved 1048576K
}
Event: 28.056 GC heap before
{Heap before GC invocations=29 (full 3):
 PSYoungGen      total 78336K, used 71539K [0x00000000d5580000, 0x00000000db880000, 0x0000000100000000)
  eden space 65024K, 100% used [0x00000000d5580000,0x00000000d9500000,0x00000000d9500000)
  from space 13312K, 48% used [0x00000000d9500000,0x00000000d9b5cde8,0x00000000da200000)
  to   space 12800K, 0% used [0x00000000dac00000,0x00000000dac00000,0x00000000db880000)
 ParOldGen       total 98816K, used 39596K [0x0000000080000000, 0x0000000086080000, 0x00000000d5580000)
  object space 98816K, 40% used [0x0000000080000000,0x00000000826ab1e8,0x0000000086080000)
 Metaspace       used 72715K, capacity 75846K, committed 76056K, reserved 1114112K
  class space    used 9927K, capacity 10516K, committed 10544K, reserved 1048576K
Event: 28.062 GC heap after
Heap after GC invocations=29 (full 3):
 PSYoungGen      total 85504K, used 6658K [0x00000000d5580000, 0x00000000db680000, 0x0000000100000000)
  eden space 74752K, 0% used [0x00000000d5580000,0x00000000d5580000,0x00000000d9e80000)
  from space 10752K, 61% used [0x00000000dac00000,0x00000000db280a00,0x00000000db680000)
  to   space 12288K, 0% used [0x00000000d9e80000,0x00000000d9e80000,0x00000000daa80000)
 ParOldGen       total 98816K, used 42872K [0x0000000080000000, 0x0000000086080000, 0x00000000d5580000)
  object space 98816K, 43% used [0x0000000080000000,0x00000000829de208,0x0000000086080000)
 Metaspace       used 72715K, capacity 75846K, committed 76056K, reserved 1114112K
  class space    used 9927K, capacity 10516K, committed 10544K, reserved 1048576K
}
Event: 28.525 GC heap before
{Heap before GC invocations=30 (full 3):
 PSYoungGen      total 85504K, used 81410K [0x00000000d5580000, 0x00000000db680000, 0x0000000100000000)
  eden space 74752K, 100% used [0x00000000d5580000,0x00000000d9e80000,0x00000000d9e80000)
  from space 10752K, 61% used [0x00000000dac00000,0x00000000db280a00,0x00000000db680000)
  to   space 12288K, 0% used [0x00000000d9e80000,0x00000000d9e80000,0x00000000daa80000)
 ParOldGen       total 98816K, used 42872K [0x0000000080000000, 0x0000000086080000, 0x00000000d5580000)
  object space 98816K, 43% used [0x0000000080000000,0x00000000829de208,0x0000000086080000)
 Metaspace       used 76332K, capacity 79480K, committed 79640K, reserved 1118208K
  class space    used 10351K, capacity 10941K, committed 11056K, reserved 1048576K
Event: 28.533 GC heap after
Heap after GC invocations=30 (full 3):
 PSYoungGen      total 87040K, used 8225K [0x00000000d5580000, 0x00000000dc280000, 0x0000000100000000)
  eden space 74752K, 0% used [0x00000000d5580000,0x00000000d5580000,0x00000000d9e80000)
  from space 12288K, 66% used [0x00000000d9e80000,0x00000000da6886e8,0x00000000daa80000)
  to   space 12288K, 0% used [0x00000000db680000,0x00000000db680000,0x00000000dc280000)
 ParOldGen       total 98816K, used 46968K [0x0000000080000000, 0x0000000086080000, 0x00000000d5580000)
  object space 98816K, 47% used [0x0000000080000000,0x0000000082dde190,0x0000000086080000)
 Metaspace       used 76332K, capacity 79480K, committed 79640K, reserved 1118208K
  class space    used 10351K, capacity 10941K, committed 11056K, reserved 1048576K
}
Event: 30.506 GC heap before
{Heap before GC invocations=31 (full 3):
 PSYoungGen      total 87040K, used 82977K [0x00000000d5580000, 0x00000000dc280000, 0x0000000100000000)
  eden space 74752K, 100% used [0x00000000d5580000,0x00000000d9e80000,0x00000000d9e80000)
  from space 12288K, 66% used [0x00000000d9e80000,0x00000000da6886e8,0x00000000daa80000)
  to   space 12288K, 0% used [0x00000000db680000,0x00000000db680000,0x00000000dc280000)
 ParOldGen       total 98816K, used 46968K [0x0000000080000000, 0x0000000086080000, 0x00000000d5580000)
  object space 98816K, 47% used [0x0000000080000000,0x0000000082dde190,0x0000000086080000)
 Metaspace       used 79098K, capacity 82664K, committed 82840K, reserved 1120256K
  class space    used 10702K, capacity 11427K, committed 11440K, reserved 1048576K
Event: 30.513 GC heap after
Heap after GC invocations=31 (full 3):
 PSYoungGen      total 98304K, used 8084K [0x00000000d5580000, 0x00000000dc280000, 0x0000000100000000)
  eden space 86016K, 0% used [0x00000000d5580000,0x00000000d5580000,0x00000000da980000)
  from space 12288K, 65% used [0x00000000db680000,0x00000000dbe65148,0x00000000dc280000)
  to   space 12800K, 0% used [0x00000000da980000,0x00000000da980000,0x00000000db600000)
 ParOldGen       total 98816K, used 51090K [0x0000000080000000, 0x0000000086080000, 0x00000000d5580000)
  object space 98816K, 51% used [0x0000000080000000,0x00000000831e4ad0,0x0000000086080000)
 Metaspace       used 79098K, capacity 82664K, committed 82840K, reserved 1120256K
  class space    used 10702K, capacity 11427K, committed 11440K, reserved 1048576K
}
Event: 794.715 GC heap before
{Heap before GC invocations=32 (full 3):
 PSYoungGen      total 98304K, used 94100K [0x00000000d5580000, 0x00000000dc280000, 0x0000000100000000)
  eden space 86016K, 100% used [0x00000000d5580000,0x00000000da980000,0x00000000da980000)
  from space 12288K, 65% used [0x00000000db680000,0x00000000dbe65148,0x00000000dc280000)
  to   space 12800K, 0% used [0x00000000da980000,0x00000000da980000,0x00000000db600000)
 ParOldGen       total 98816K, used 51090K [0x0000000080000000, 0x0000000086080000, 0x00000000d5580000)
  object space 98816K, 51% used [0x0000000080000000,0x00000000831e4ad0,0x0000000086080000)
 Metaspace       used 84987K, capacity 89068K, committed 89112K, reserved 1126400K
  class space    used 11259K, capacity 12076K, committed 12080K, reserved 1048576K
Event: 794.725 GC heap after
Heap after GC invocations=32 (full 3):
 PSYoungGen      total 93184K, used 8990K [0x00000000d5580000, 0x00000000dc080000, 0x0000000100000000)
  eden space 83968K, 0% used [0x00000000d5580000,0x00000000d5580000,0x00000000da780000)
  from space 9216K, 97% used [0x00000000da980000,0x00000000db2478b8,0x00000000db280000)
  to   space 12800K, 0% used [0x00000000db400000,0x00000000db400000,0x00000000dc080000)
 ParOldGen       total 98816K, used 57611K [0x0000000080000000, 0x0000000086080000, 0x00000000d5580000)
  object space 98816K, 58% used [0x0000000080000000,0x0000000083842ed0,0x0000000086080000)
 Metaspace       used 84987K, capacity 89068K, committed 89112K, reserved 1126400K
  class space    used 11259K, capacity 12076K, committed 12080K, reserved 1048576K
}

